2019-09-24 11:46:52:   <-- GET /api/blog/list
2019-09-24 11:46:52: cur time 1569296812349
2019-09-24 11:46:52: GET /api/blog/list - 12ms
2019-09-24 11:46:52:   --> GET /api/blog/list 200 26ms 371b
2019-09-24 11:46:53:   <-- GET /api/blog/list
2019-09-24 11:46:53: cur time 1569296813035
2019-09-24 11:46:53: GET /api/blog/list - 2ms
2019-09-24 11:46:53:   --> GET /api/blog/list 200 4ms 371b
2019-09-24 11:47:21:   <-- GET /api/blog/list?isadmin=1
2019-09-24 11:47:21: cur time 1569296841248
2019-09-24 11:47:21: is admin
2019-09-24 11:47:21: GET /api/blog/list?isadmin=1 - 12ms
2019-09-24 11:47:21:   --> GET /api/blog/list?isadmin=1 200 25ms 281b
2019-09-24 11:47:23:   <-- GET /kkk
2019-09-24 11:47:23: GET /kkk - 4ms
2019-09-24 11:47:23:   --> GET /kkk 404 8ms -
2019-09-24 11:47:27:   <-- GET /api/blog/detail?id=4
2019-09-24 11:47:27: GET /api/blog/detail?id=4 - 1ms
2019-09-24 11:47:27:   --> GET /api/blog/detail?id=4 200 3ms 140b
2019-09-24 11:47:30:   <-- GET /api/blog/detail?id=4
2019-09-24 11:47:30: GET /api/blog/detail?id=4 - 3ms
2019-09-24 11:47:30:   --> GET /api/blog/detail?id=4 200 5ms 140b
2019-09-24 11:47:32:   <-- POST /api/blog/update?id=4
2019-09-24 11:47:32: POST /api/blog/update?id=4 - 88ms
2019-09-24 11:47:32:   --> POST /api/blog/update?id=4 200 90ms 11b
2019-09-24 11:47:33:   <-- GET /api/blog/list?isadmin=1
2019-09-24 11:47:33: cur time 1569296853992
2019-09-24 11:47:33: is admin
2019-09-24 11:47:33: GET /api/blog/list?isadmin=1 - 2ms
2019-09-24 11:47:33:   --> GET /api/blog/list?isadmin=1 200 2ms 283b
