2019-11-06 18:03:17:   <-- POST /api/users/login
2019-11-06 18:03:17: {"username":"zhangsan","password":"123"}
2019-11-06 18:03:17: SuccessModel {
2019-11-06 18:03:17:   data: 
2019-11-06 18:03:17:    { token: 'eyJhbGciOiJIUzI1NiIsInR5cCI6IkpXVCJ9.eyJ1c2VybmFtZSI6InpoYW5nc2FuIiwiaWQiOjgsImlhdCI6MTU3MzAzNDU5NywiZXhwIjoxNTczMDM4MTk3fQ.OTVyhuc1W_EIHxS7J2VxerGznRCsUbI6T4PvvQgHzzU' },
2019-11-06 18:03:17:   code: 0 }
2019-11-06 18:03:17: POST /api/users/login - 8ms
2019-11-06 18:03:17:   --> POST /api/users/login 200 15ms 197b
2019-11-06 18:23:06:   <-- GET /api/blog/mylist
2019-11-06 18:23:06: {}
2019-11-06 18:23:06: SuccessModel {
2019-11-06 18:23:06:   data: 
2019-11-06 18:23:06:    [ RowDataPacket {
2019-11-06 18:23:06:        id: 4,
2019-11-06 18:23:06:        title: '张三B',
2019-11-06 18:23:06:        content: '张三B张三B张三B张三B张三B1',
2019-11-06 18:23:06:        createtime: 1568946929773,
2019-11-06 18:23:06:        author: 'zhangsan' },
2019-11-06 18:23:06:      RowDataPacket {
2019-11-06 18:23:06:        id: 3,
2019-11-06 18:23:06:        title: '张三A',
2019-11-06 18:23:06:        content: '博客张三A博客张三A博客张三A博客张三A',
2019-11-06 18:23:06:        createtime: 1568946131986,
2019-11-06 18:23:06:        author: 'zhangsan' } ],
2019-11-06 18:23:06:   code: 0 }
2019-11-06 18:23:06: GET /api/blog/mylist - 10ms
2019-11-06 18:23:06:   --> GET /api/blog/mylist 200 23ms 281b
2019-11-06 18:23:50:   <-- GET /api/blog/list
2019-11-06 18:23:50: {}
2019-11-06 18:23:50: /list 日志输出
2019-11-06 18:23:50: SuccessModel {
2019-11-06 18:23:50:   data: 
2019-11-06 18:23:50:    [ RowDataPacket {
2019-11-06 18:23:50:        id: 4,
2019-11-06 18:23:50:        title: '张三B',
2019-11-06 18:23:50:        content: '张三B张三B张三B张三B张三B1',
2019-11-06 18:23:50:        createtime: 1568946929773,
2019-11-06 18:23:50:        author: 'zhangsan' },
2019-11-06 18:23:50:      RowDataPacket {
2019-11-06 18:23:50:        id: 5,
2019-11-06 18:23:50:        title: '张三B',
2019-11-06 18:23:50:        content: '张三B张三B张三B张三B张三B1',
2019-11-06 18:23:50:        createtime: 1568946929773,
2019-11-06 18:23:50:        author: 'wuwu5' },
2019-11-06 18:23:50:      RowDataPacket {
2019-11-06 18:23:50:        id: 3,
2019-11-06 18:23:50:        title: '张三A',
2019-11-06 18:23:50:        content: '博客张三A博客张三A博客张三A博客张三A',
2019-11-06 18:23:50:        createtime: 1568946131986,
2019-11-06 18:23:50:        author: 'zhangsan' },
2019-11-06 18:23:50:      RowDataPacket {
2019-11-06 18:23:50:        id: 1,
2019-11-06 18:23:50:        title: '标题A',
2019-11-06 18:23:50:        content: '内容A',
2019-11-06 18:23:50:        createtime: 1568687109356,
2019-11-06 18:23:50:        author: 'lisi' } ],
2019-11-06 18:23:50:   message: '成功',
2019-11-06 18:23:50:   code: 0 }
2019-11-06 18:23:50: GET /api/blog/list - 3ms
2019-11-06 18:23:50:   --> GET /api/blog/list 200 4ms 510b
